*** ZOHO BASE LOADED ***
INFO:     ::1:64244 - "GET /api/v1/notifications/unread-count HTTP/1.1" 200 OK
INFO:     ::1:51513 - "GET /api/v1/notifications/unread-count HTTP/1.1" 200 OK
INFO:     ::1:57832 - "GET / HTTP/1.1" 200 OK
INFO:     ::1:62304 - "GET /docs HTTP/1.1" 404 Not Found
INFO:     ::1:56406 - "GET /api/v1/notifications/unread-count HTTP/1.1" 200 OK
INFO:     ::1:63893 - "OPTIONS /api/v1/notifications/unread-count HTTP/1.1" 200 OK
INFO:     ::1:63893 - "GET /api/v1/notifications/unread-count HTTP/1.1" 200 OK
INFO:     ::1:60344 - "GET /api/v1/notifications/unread-count HTTP/1.1" 200 OK
INFO:     ::1:54668 - "GET /api/v1/notifications/unread-count HTTP/1.1" 200 OK
INFO:     ::1:63766 - "GET /api/v1/organizations/by-domain/value-score.co.in HTTP/1.1" 200 OK
INFO:     ::1:63628 - "GET /api/v1/employees?org_id=6a365f87d999acf2907486c6&search=Ar HTTP/1.1" 200 OK
INFO:     ::1:63628 - "GET /api/v1/employees?org_id=6a365f87d999acf2907486c6&search=Ari HTTP/1.1" 200 OK
INFO:     ::1:63628 - "GET /api/v1/notifications/unread-count HTTP/1.1" 200 OK
INFO:     ::1:63628 - "GET /api/v1/employees?org_id=6a365f87d999acf2907486c6&search=Arij HTTP/1.1" 200 OK
INFO:     ::1:63628 - "GET /api/v1/employees?org_id=6a365f87d999acf2907486c6&search=Ariji HTTP/1.1" 200 OK
INFO:     ::1:63628 - "GET /api/v1/employees?org_id=6a365f87d999acf2907486c6&search=Arij HTTP/1.1" 200 OK
INFO:     ::1:63628 - "GET /api/v1/employees?org_id=6a365f87d999acf2907486c6&search=Ariji HTTP/1.1" 200 OK
INFO:     ::1:63628 - "GET /api/v1/employees?org_id=6a365f87d999acf2907486c6&search=Arijit HTTP/1.1" 200 OK
INFO:     ::1:63628 - "GET /api/v1/employees?org_id=6a365f87d999acf2907486c6&search=Arijit HTTP/1.1" 200 OK
INFO:     ::1:63628 - "GET /api/v1/employees?org_id=6a365f87d999acf2907486c6&search=Arijit%20D HTTP/1.1" 200 OK
INFO:     ::1:63628 - "GET /api/v1/employees?org_id=6a365f87d999acf2907486c6&search=Arijit%20Da HTTP/1.1" 200 OK
INFO:     ::1:63628 - "GET /api/v1/employees?org_id=6a365f87d999acf2907486c6&search=Arijit%20Das HTTP/1.1" 200 OK
INFO:     ::1:63628 - "POST /api/v1/intelligence/department-suggestions HTTP/1.1" 200 OK
INFO:     ::1:63628 - "POST /api/v1/intelligence/department-suggestions HTTP/1.1" 200 OK
INFO:     ::1:63628 - "POST /api/v1/intelligence/department-suggestions HTTP/1.1" 200 OK
INFO:     ::1:63628 - "POST /api/v1/intelligence/department-suggestions HTTP/1.1" 200 OK
INFO:     ::1:63628 - "POST /api/v1/intelligence/department-suggestions HTTP/1.1" 200 OK
INFO:     ::1:63628 - "POST /api/v1/intelligence/department-suggestions HTTP/1.1" 200 OK
INFO:     ::1:63628 - "POST /api/v1/intelligence/department-suggestions HTTP/1.1" 200 OK
INFO:     ::1:63628 - "POST /api/v1/intelligence/department-suggestions HTTP/1.1" 200 OK
INFO:     ::1:63628 - "POST /api/v1/intelligence/department-suggestions HTTP/1.1" 200 OK
INFO:     ::1:63628 - "POST /api/v1/intelligence/department-suggestions HTTP/1.1" 200 OK
INFO:     ::1:63628 - "POST /api/v1/intelligence/department-suggestions HTTP/1.1" 200 OK
INFO:     ::1:63628 - "POST /api/v1/intelligence/department-suggestions HTTP/1.1" 200 OK
INFO:     ::1:63628 - "POST /api/v1/intelligence/department-suggestions HTTP/1.1" 200 OK
INFO:     ::1:63628 - "POST /api/v1/intelligence/department-suggestions HTTP/1.1" 200 OK
INFO:     ::1:63628 - "POST /api/v1/intelligence/department-suggestions HTTP/1.1" 200 OK
INFO:     ::1:63628 - "POST /api/v1/intelligence/department-suggestions HTTP/1.1" 200 OK
INFO:     ::1:63628 - "POST /api/v1/intelligence/department-suggestions HTTP/1.1" 200 OK
INFO:     ::1:63628 - "POST /api/v1/intelligence/department-suggestions HTTP/1.1" 200 OK
INFO:     ::1:63628 - "POST /api/v1/intelligence/department-suggestions HTTP/1.1" 200 OK
INFO:     ::1:63628 - "POST /api/v1/intelligence/department-suggestions HTTP/1.1" 200 OK
INFO:     ::1:63628 - "POST /api/v1/intelligence/department-suggestions HTTP/1.1" 200 OK
INFO:     ::1:63628 - "POST /api/v1/intelligence/department-suggestions HTTP/1.1" 200 OK
INFO:     ::1:63628 - "OPTIONS /api/v1/chatbot/employee-persona/generate-question HTTP/1.1" 200 OK
INFO:     ::1:63325 - "GET /api/v1/notifications/unread-count HTTP/1.1" 200 OK
INFO:     ::1:63628 - "POST /api/v1/chatbot/employee-persona/generate-question HTTP/1.1" 200 OK
INFO:     ::1:53258 - "OPTIONS /api/v1/employees/persona HTTP/1.1" 200 OK
INFO:     ::1:53258 - "POST /api/v1/employees/persona HTTP/1.1" 200 OK
INFO:     ::1:53258 - "OPTIONS /api/v1/notifications?limit=50 HTTP/1.1" 200 OK
INFO:     ::1:53258 - "GET /api/v1/notifications/unread-count HTTP/1.1" 200 OK
INFO:     ::1:58850 - "GET /api/v1/notifications?limit=50 HTTP/1.1" 200 OK
INFO:     ::1:63408 - "GET /api/v1/push/vapid-public-key HTTP/1.1" 200 OK
INFO:     ::1:63408 - "OPTIONS /api/v1/goals?organization_id=6a365f87d999acf2907486c6&limit=20 HTTP/1.1" 200 OK
INFO:     ::1:53258 - "GET /api/v1/employees/tasks?org_id=6a365f87d999acf2907486c6&email=prince@value-score.co.in HTTP/1.1" 500 Internal Server Error
INFO:     ::1:63408 - "GET /api/v1/goals?organization_id=6a365f87d999acf2907486c6&limit=20 HTTP/1.1" 200 OK
INFO:     ::1:54138 - "POST /api/v1/chatbot/employee-persona/generate-question HTTP/1.1" 200 OK
INFO:     ::1:61256 - "GET /api/v1/assistant/sessions?organization_id=6a365f87d999acf2907486c6 HTTP/1.1" 200 OK
INFO:     ::1:60851 - "GET /api/v1/org-chart/members?organization_id=6a365f87d999acf2907486c6 HTTP/1.1" 200 OK
INFO:     ::1:63408 - "OPTIONS /api/v1/tasks?organization_id=6a365f87d999acf2907486c6 HTTP/1.1" 200 OK
INFO:     ::1:51469 - "GET /api/v1/employees/tasks?org_id=6a365f87d999acf2907486c6&email=prince@value-score.co.in HTTP/1.1" 500 Internal Server Error
INFO:     ::1:54138 - "GET /api/v1/goals?organization_id=6a365f87d999acf2907486c6&limit=20 HTTP/1.1" 200 OK
INFO:     ::1:60851 - "GET /api/v1/tasks?organization_id=6a365f87d999acf2907486c6 HTTP/1.1" 200 OK
INFO:     ::1:63408 - "GET /api/v1/goals?organization_id=6a365f87d999acf2907486c6&limit=20 HTTP/1.1" 200 OK
INFO:     ::1:60851 - "OPTIONS /api/v1/push/subscribe HTTP/1.1" 200 OK
INFO:     ::1:54138 - "POST /api/v1/push/subscribe HTTP/1.1" 200 OK
INFO:     ::1:58850 - "GET /api/v1/dashboard/kpi?organization_id=6a365f87d999acf2907486c6 HTTP/1.1" 200 OK
INFO:     ::1:53769 - "GET /api/v1/dashboard/kpi?organization_id=6a365f87d999acf2907486c6 HTTP/1.1" 200 OK
INFO:     ::1:52337 - "GET /api/v1/org-chart/tree?organization_id=6a365f87d999acf2907486c6 HTTP/1.1" 200 OK
INFO:     ::1:52742 - "GET /api/v1/tasks?organization_id=6a365f87d999acf2907486c6 HTTP/1.1" 200 OK
INFO:     ::1:61768 - "GET /api/v1/org-chart/tree?organization_id=6a365f87d999acf2907486c6 HTTP/1.1" 200 OK
INFO:     ::1:52337 - "GET /api/v1/tasks?organization_id=6a365f87d999acf2907486c6 HTTP/1.1" 200 OK
INFO:     ::1:52337 - "GET /api/v1/tasks?organization_id=6a365f87d999acf2907486c6 HTTP/1.1" 200 OK
INFO:     ::1:61768 - "GET /api/v1/tasks?organization_id=6a365f87d999acf2907486c6 HTTP/1.1" 200 OK
INFO:     ::1:60199 - "GET /api/v1/employees/tasks?org_id=6a365f87d999acf2907486c6&email=prince@value-score.co.in HTTP/1.1" 500 Internal Server Error
INFO:     ::1:49671 - "GET /api/v1/goals?organization_id=6a365f87d999acf2907486c6&limit=20 HTTP/1.1" 200 OK
INFO:     ::1:65221 - "GET /api/v1/dashboard/kpi?organization_id=6a365f87d999acf2907486c6 HTTP/1.1" 200 OK
INFO:     ::1:64926 - "GET /api/v1/employees/tasks?org_id=6a365f87d999acf2907486c6&email=prince@value-score.co.in HTTP/1.1" 500 Internal Server Error
INFO:     ::1:56038 - "GET /api/v1/dashboard/kpi?organization_id=6a365f87d999acf2907486c6 HTTP/1.1" 200 OK
INFO:     ::1:49671 - "GET /api/v1/goals?organization_id=6a365f87d999acf2907486c6&limit=20 HTTP/1.1" 200 OK
INFO:     ::1:49671 - "GET /api/v1/assistant/sessions?organization_id=6a365f87d999acf2907486c6 HTTP/1.1" 200 OK
INFO:     ::1:56038 - "GET /api/v1/org-chart/members?organization_id=6a365f87d999acf2907486c6 HTTP/1.1" 200 OK
INFO:     ::1:65221 - "GET /api/v1/goals?organization_id=6a365f87d999acf2907486c6&limit=20 HTTP/1.1" 200 OK
INFO:     ::1:53250 - "GET /api/v1/tasks?organization_id=6a365f87d999acf2907486c6 HTTP/1.1" 200 OK
INFO:     ::1:53250 - "GET /api/v1/notifications/unread-count HTTP/1.1" 200 OK
INFO:     ::1:49947 - "GET /api/v1/notifications/unread-count HTTP/1.1" 200 OK
INFO:     ::1:60298 - "GET /api/v1/notifications/unread-count HTTP/1.1" 200 OK
INFO:     ::1:58583 - "GET /api/v1/notifications/unread-count HTTP/1.1" 200 OK
INFO:     ::1:58395 - "GET /api/v1/notifications/unread-count HTTP/1.1" 200 OK
INFO:     ::1:59440 - "GET /api/v1/notifications/unread-count HTTP/1.1" 200 OK
INFO:     ::1:65290 - "GET /api/v1/notifications/unread-count HTTP/1.1" 200 OK
INFO:     ::1:52091 - "GET /api/v1/notifications/unread-count HTTP/1.1" 200 OK
INFO:     ::1:58614 - "GET /api/v1/notifications/unread-count HTTP/1.1" 200 OK
INFO:     ::1:56658 - "GET /api/v1/notifications/unread-count HTTP/1.1" 200 OK
INFO:     ::1:58538 - "GET /api/v1/notifications/unread-count HTTP/1.1" 200 OK
INFO:     ::1:64871 - "GET /api/v1/notifications/unread-count HTTP/1.1" 200 OK
INFO:     ::1:49972 - "GET /api/v1/notifications/unread-count HTTP/1.1" 200 OK
INFO:     ::1:56416 - "GET /api/v1/notifications/unread-count HTTP/1.1" 200 OK
INFO:     ::1:59038 - "GET /api/v1/notifications/unread-count HTTP/1.1" 200 OK
INFO:     ::1:54966 - "OPTIONS /api/v1/notifications/unread-count HTTP/1.1" 200 OK
INFO:     ::1:54966 - "GET /api/v1/notifications/unread-count HTTP/1.1" 200 OK
INFO:     ::1:63944 - "GET /api/v1/notifications/unread-count HTTP/1.1" 200 OK
INFO:     ::1:64893 - "GET /api/v1/notifications/unread-count HTTP/1.1" 200 OK
INFO:     ::1:50300 - "GET /api/v1/notifications/unread-count HTTP/1.1" 200 OK
INFO:     ::1:51731 - "GET /api/v1/goals?organization_id=6a365f87d999acf2907486c6&limit=20 HTTP/1.1" 200 OK
INFO:     ::1:51720 - "GET /api/v1/employees/tasks?org_id=6a365f87d999acf2907486c6&email=prince@value-score.co.in HTTP/1.1" 500 Internal Server Error
INFO:     ::1:50497 - "GET /api/v1/assistant/sessions?organization_id=6a365f87d999acf2907486c6 HTTP/1.1" 200 OK
INFO:     ::1:51063 - "GET /api/v1/org-chart/members?organization_id=6a365f87d999acf2907486c6 HTTP/1.1" 200 OK
INFO:     ::1:54899 - "GET /api/v1/tasks?organization_id=6a365f87d999acf2907486c6 HTTP/1.1" 200 OK
INFO:     ::1:51731 - "GET /api/v1/goals?organization_id=6a365f87d999acf2907486c6&limit=20 HTTP/1.1" 200 OK
INFO:     ::1:64105 - "GET /api/v1/dashboard/kpi?organization_id=6a365f87d999acf2907486c6 HTTP/1.1" 200 OK
INFO:     ::1:64105 - "GET /api/v1/goals?organization_id=6a365f87d999acf2907486c6&limit=20 HTTP/1.1" 200 OK
INFO:     ::1:51015 - "OPTIONS /api/v1/org-chart/tree?organization_id=6a365f87d999acf2907486c6 HTTP/1.1" 200 OK
INFO:     ::1:65446 - "GET /api/v1/dashboard/kpi?organization_id=6a365f87d999acf2907486c6 HTTP/1.1" 200 OK
INFO:     ::1:63144 - "GET /api/v1/employees/tasks?org_id=6a365f87d999acf2907486c6&email=prince@value-score.co.in HTTP/1.1" 500 Internal Server Error
INFO:     ::1:52783 - "GET /api/v1/assistant/sessions?organization_id=6a365f87d999acf2907486c6 HTTP/1.1" 200 OK
INFO:     ::1:63579 - "GET /api/v1/org-chart/members?organization_id=6a365f87d999acf2907486c6 HTTP/1.1" 200 OK
INFO:     ::1:64105 - "GET /api/v1/tasks?organization_id=6a365f87d999acf2907486c6 HTTP/1.1" 200 OK
INFO:     ::1:51015 - "GET /api/v1/goals?organization_id=6a365f87d999acf2907486c6&limit=20 HTTP/1.1" 200 OK
INFO:     ::1:52312 - "GET /api/v1/org-chart/tree?organization_id=6a365f87d999acf2907486c6 HTTP/1.1" 200 OK
INFO:     ::1:51015 - "GET /api/v1/notifications/unread-count HTTP/1.1" 200 OK
INFO:     ::1:60226 - "GET /api/v1/assistant/sessions?organization_id=6a365f87d999acf2907486c6 HTTP/1.1" 200 OK
INFO:     ::1:62092 - "GET /api/v1/org-chart/members?organization_id=6a365f87d999acf2907486c6 HTTP/1.1" 200 OK
INFO:     ::1:65377 - "OPTIONS /api/v1/goals?organization_id=6a365f87d999acf2907486c6&limit=20 HTTP/1.1" 200 OK
INFO:     ::1:56219 - "OPTIONS /api/v1/tasks?organization_id=6a365f87d999acf2907486c6 HTTP/1.1" 200 OK
INFO:     ::1:62092 - "GET /api/v1/goals?organization_id=6a365f87d999acf2907486c6&limit=20 HTTP/1.1" 200 OK
INFO:     ::1:56219 - "GET /api/v1/tasks?organization_id=6a365f87d999acf2907486c6 HTTP/1.1" 200 OK
INFO:     ::1:64170 - "GET /api/v1/notifications/unread-count HTTP/1.1" 200 OK
INFO:     ::1:54538 - "GET /api/v1/notifications/unread-count HTTP/1.1" 200 OK
INFO:     ::1:59363 - "GET /api/v1/notifications/unread-count HTTP/1.1" 200 OK
INFO:     ::1:61746 - "GET /api/v1/org-chart/tree?organization_id=6a365f87d999acf2907486c6 HTTP/1.1" 200 OK
INFO:     ::1:60767 - "GET /api/v1/tasks?organization_id=6a365f87d999acf2907486c6 HTTP/1.1" 200 OK
INFO:     ::1:60360 - "GET /api/v1/org-chart/tree?organization_id=6a365f87d999acf2907486c6 HTTP/1.1" 200 OK
INFO:     ::1:61746 - "GET /api/v1/tasks?organization_id=6a365f87d999acf2907486c6 HTTP/1.1" 200 OK
INFO:     ::1:61746 - "GET /api/v1/tasks?organization_id=6a365f87d999acf2907486c6 HTTP/1.1" 200 OK
INFO:     ::1:61746 - "GET /api/v1/tasks?organization_id=6a365f87d999acf2907486c6 HTTP/1.1" 200 OK
INFO:     ::1:61746 - "GET /api/v1/goals?organization_id=6a365f87d999acf2907486c6&limit=20 HTTP/1.1" 200 OK
INFO:     ::1:60360 - "GET /api/v1/employees/tasks?org_id=6a365f87d999acf2907486c6&email=prince@value-score.co.in HTTP/1.1" 500 Internal Server Error
INFO:     ::1:60767 - "GET /api/v1/dashboard/kpi?organization_id=6a365f87d999acf2907486c6 HTTP/1.1" 200 OK
INFO:     ::1:60487 - "GET /api/v1/org-chart/tree?organization_id=6a365f87d999acf2907486c6 HTTP/1.1" 200 OK
INFO:     ::1:61968 - "GET /api/v1/goals?organization_id=6a365f87d999acf2907486c6&limit=20 HTTP/1.1" 200 OK
INFO:     ::1:53053 - "GET /api/v1/employees/tasks?org_id=6a365f87d999acf2907486c6&email=prince@value-score.co.in HTTP/1.1" 500 Internal Server Error
INFO:     ::1:61746 - "GET /api/v1/dashboard/kpi?organization_id=6a365f87d999acf2907486c6 HTTP/1.1" 200 OK
INFO:     ::1:59173 - "GET /api/v1/org-chart/tree?organization_id=6a365f87d999acf2907486c6 HTTP/1.1" 200 OK
INFO:     ::1:61746 - "GET /api/v1/assistant/sessions?organization_id=6a365f87d999acf2907486c6 HTTP/1.1" 200 OK
INFO:     ::1:61968 - "GET /api/v1/org-chart/members?organization_id=6a365f87d999acf2907486c6 HTTP/1.1" 200 OK
INFO:     ::1:60767 - "GET /api/v1/goals?organization_id=6a365f87d999acf2907486c6&limit=20 HTTP/1.1" 200 OK
INFO:     ::1:56063 - "GET /api/v1/tasks?organization_id=6a365f87d999acf2907486c6 HTTP/1.1" 200 OK
INFO:     ::1:51211 - "GET /api/v1/notifications/unread-count HTTP/1.1" 200 OK
INFO:     ::1:55257 - "GET /api/v1/goals?organization_id=6a365f87d999acf2907486c6&limit=20 HTTP/1.1" 200 OK
INFO:     ::1:63195 - "GET /api/v1/tasks?organization_id=6a365f87d999acf2907486c6 HTTP/1.1" 200 OK
INFO:     ::1:56860 - "GET /api/v1/org-chart/members?organization_id=6a365f87d999acf2907486c6 HTTP/1.1" 200 OK
INFO:     ::1:50231 - "GET /api/v1/goals?organization_id=6a365f87d999acf2907486c6&limit=20 HTTP/1.1" 200 OK
INFO:     ::1:55257 - "GET /api/v1/org-chart/members?organization_id=6a365f87d999acf2907486c6 HTTP/1.1" 200 OK
INFO:     ::1:63684 - "GET /api/v1/tasks?organization_id=6a365f87d999acf2907486c6 HTTP/1.1" 200 OK
INFO:     ::1:56860 - "GET /api/v1/goals?organization_id=6a365f87d999acf2907486c6&limit=20 HTTP/1.1" 200 OK
INFO:     ::1:63195 - "GET /api/v1/org-chart/members?organization_id=6a365f87d999acf2907486c6 HTTP/1.1" 200 OK
INFO:     ::1:50231 - "GET /api/v1/tasks?organization_id=6a365f87d999acf2907486c6 HTTP/1.1" 200 OK
INFO:     ::1:63684 - "GET /api/v1/goals?organization_id=6a365f87d999acf2907486c6&limit=20 HTTP/1.1" 200 OK
INFO:     ::1:55257 - "GET /api/v1/org-chart/members?organization_id=6a365f87d999acf2907486c6 HTTP/1.1" 200 OK
INFO:     ::1:63195 - "GET /api/v1/tasks?organization_id=6a365f87d999acf2907486c6 HTTP/1.1" 200 OK
INFO:     ::1:62362 - "GET /api/v1/notifications/unread-count HTTP/1.1" 200 OK
INFO:     ::1:59121 - "GET /api/v1/notifications/unread-count HTTP/1.1" 200 OK
INFO:     ::1:59121 - "GET /api/v1/goals?organization_id=6a365f87d999acf2907486c6&limit=20 HTTP/1.1" 200 OK
INFO:     ::1:55965 - "GET /api/v1/tasks?organization_id=6a365f87d999acf2907486c6 HTTP/1.1" 200 OK
INFO:     ::1:51091 - "GET /api/v1/org-chart/members?organization_id=6a365f87d999acf2907486c6 HTTP/1.1" 200 OK
INFO:     ::1:55782 - "GET /api/v1/goals?organization_id=6a365f87d999acf2907486c6&limit=20 HTTP/1.1" 200 OK
INFO:     ::1:59121 - "GET /api/v1/tasks?organization_id=6a365f87d999acf2907486c6 HTTP/1.1" 200 OK
INFO:     ::1:49671 - "GET /api/v1/org-chart/members?organization_id=6a365f87d999acf2907486c6 HTTP/1.1" 200 OK
INFO:     ::1:51091 - "GET /api/v1/goals?organization_id=6a365f87d999acf2907486c6&limit=20 HTTP/1.1" 200 OK
INFO:     ::1:59121 - "GET /api/v1/tasks?organization_id=6a365f87d999acf2907486c6 HTTP/1.1" 200 OK
INFO:     ::1:55782 - "GET /api/v1/org-chart/members?organization_id=6a365f87d999acf2907486c6 HTTP/1.1" 200 OK
INFO:     ::1:49671 - "GET /api/v1/goals?organization_id=6a365f87d999acf2907486c6&limit=20 HTTP/1.1" 200 OK
INFO:     ::1:51091 - "GET /api/v1/tasks?organization_id=6a365f87d999acf2907486c6 HTTP/1.1" 200 OK
INFO:     ::1:55965 - "GET /api/v1/org-chart/members?organization_id=6a365f87d999acf2907486c6 HTTP/1.1" 200 OK
INFO:     ::1:52759 - "GET /api/v1/notifications/unread-count HTTP/1.1" 200 OK
INFO:     ::1:57700 - "GET /api/v1/notifications/unread-count HTTP/1.1" 200 OK
INFO:     ::1:57828 - "GET /api/v1/employees/tasks?org_id=6a365f87d999acf2907486c6&email=prince@value-score.co.in HTTP/1.1" 500 Internal Server Error
INFO:     ::1:54810 - "GET /api/v1/goals?organization_id=6a365f87d999acf2907486c6&limit=20 HTTP/1.1" 200 OK
INFO:     ::1:58457 - "GET /api/v1/dashboard/kpi?organization_id=6a365f87d999acf2907486c6 HTTP/1.1" 200 OK
INFO:     ::1:56089 - "GET /api/v1/org-chart/tree?organization_id=6a365f87d999acf2907486c6 HTTP/1.1" 200 OK
INFO:     ::1:63446 - "GET /api/v1/employees/tasks?org_id=6a365f87d999acf2907486c6&email=prince@value-score.co.in HTTP/1.1" 500 Internal Server Error
INFO:     ::1:54810 - "GET /api/v1/dashboard/kpi?organization_id=6a365f87d999acf2907486c6 HTTP/1.1" 200 OK
INFO:     ::1:55902 - "GET /api/v1/goals?organization_id=6a365f87d999acf2907486c6&limit=20 HTTP/1.1" 200 OK
INFO:     ::1:55904 - "GET /api/v1/org-chart/tree?organization_id=6a365f87d999acf2907486c6 HTTP/1.1" 200 OK
INFO:     ::1:57737 - "GET /api/v1/notifications/unread-count HTTP/1.1" 200 OK
INFO:     ::1:52968 - "GET /api/v1/notifications/unread-count HTTP/1.1" 200 OK
INFO:     ::1:56442 - "GET /api/v1/notifications/unread-count HTTP/1.1" 200 OK
INFO:     ::1:61625 - "GET /api/v1/assistant/sessions?organization_id=6a365f87d999acf2907486c6 HTTP/1.1" 200 OK
INFO:     ::1:53066 - "GET /api/v1/org-chart/members?organization_id=6a365f87d999acf2907486c6 HTTP/1.1" 200 OK
INFO:     ::1:56165 - "GET /api/v1/goals?organization_id=6a365f87d999acf2907486c6&limit=20 HTTP/1.1" 200 OK
INFO:     ::1:62294 - "GET /api/v1/tasks?organization_id=6a365f87d999acf2907486c6 HTTP/1.1" 200 OK
INFO:     ::1:65211 - "GET /api/v1/notifications/unread-count HTTP/1.1" 200 OK
INFO:     ::1:57063 - "GET /api/v1/notifications/unread-count HTTP/1.1" 200 OK
INFO:     ::1:61291 - "GET /api/v1/notifications/unread-count HTTP/1.1" 200 OK
INFO:     ::1:56347 - "GET /api/v1/notifications/unread-count HTTP/1.1" 200 OK
INFO:     ::1:55310 - "GET /api/v1/notifications/unread-count HTTP/1.1" 200 OK
INFO:     ::1:64353 - "OPTIONS /api/v1/notifications/unread-count HTTP/1.1" 200 OK
INFO:     ::1:64353 - "GET /api/v1/notifications/unread-count HTTP/1.1" 200 OK
INFO:     ::1:49321 - "OPTIONS /api/v1/notifications?limit=50 HTTP/1.1" 200 OK
INFO:     ::1:50290 - "GET /api/v1/goals?organization_id=6a365f87d999acf2907486c6&limit=20 HTTP/1.1" 200 OK
INFO:     ::1:65489 - "GET /api/v1/notifications?limit=50 HTTP/1.1" 200 OK
INFO:     ::1:64064 - "GET /api/v1/notifications/unread-count HTTP/1.1" 200 OK
INFO:     ::1:51256 - "GET /api/v1/goals?organization_id=6a365f87d999acf2907486c6&limit=20 HTTP/1.1" 200 OK
INFO:     ::1:56211 - "GET /api/v1/push/vapid-public-key HTTP/1.1" 200 OK
INFO:     ::1:64587 - "GET /api/v1/notifications?limit=50 HTTP/1.1" 200 OK
INFO:     ::1:65489 - "GET /api/v1/employees/tasks?org_id=6a365f87d999acf2907486c6&email=prince@value-score.co.in HTTP/1.1" 500 Internal Server Error
INFO:     ::1:64064 - "GET /api/v1/notifications/unread-count HTTP/1.1" 200 OK
INFO:     ::1:51256 - "GET /api/v1/push/vapid-public-key HTTP/1.1" 200 OK
INFO:     ::1:56211 - "GET /api/v1/notifications?limit=50 HTTP/1.1" 200 OK
INFO:     ::1:64587 - "GET /api/v1/notifications/unread-count HTTP/1.1" 200 OK
INFO:     ::1:64064 - "GET /api/v1/push/vapid-public-key HTTP/1.1" 200 OK
INFO:     ::1:64064 - "OPTIONS /api/v1/push/subscribe HTTP/1.1" 200 OK
INFO:     ::1:64587 - "POST /api/v1/push/subscribe HTTP/1.1" 200 OK
INFO:     ::1:64587 - "POST /api/v1/push/subscribe HTTP/1.1" 200 OK
INFO:     ::1:64587 - "POST /api/v1/push/subscribe HTTP/1.1" 200 OK
INFO:     ::1:64300 - "GET /api/v1/dashboard/kpi?organization_id=6a365f87d999acf2907486c6 HTTP/1.1" 200 OK
INFO:     ::1:54893 - "GET /api/v1/notifications/unread-count HTTP/1.1" 200 OK
INFO:     ::1:54497 - "GET /api/v1/notifications/unread-count HTTP/1.1" 200 OK
INFO:     ::1:49227 - "GET /api/v1/notifications/unread-count HTTP/1.1" 200 OK
INFO:     ::1:57895 - "GET /api/v1/notifications/unread-count HTTP/1.1" 200 OK
INFO:     ::1:50921 - "GET /api/v1/notifications/unread-count HTTP/1.1" 200 OK
INFO:     ::1:55300 - "GET /api/v1/notifications/unread-count HTTP/1.1" 200 OK
INFO:     ::1:53813 - "GET /api/v1/notifications/unread-count HTTP/1.1" 200 OK
INFO:     ::1:53469 - "GET /api/v1/notifications/unread-count HTTP/1.1" 200 OK
INFO:     ::1:57596 - "OPTIONS /api/v1/zoho/status HTTP/1.1" 200 OK
INFO:     ::1:62541 - "OPTIONS /api/v1/zoho/status HTTP/1.1" 200 OK
INFO:     ::1:58591 - "GET /api/v1/zoho/status HTTP/1.1" 200 OK
INFO:     ::1:58591 - "GET /api/v1/zoho/status HTTP/1.1" 200 OK
INFO:     ::1:62541 - "OPTIONS /api/v1/notification-preferences HTTP/1.1" 200 OK
INFO:     ::1:62541 - "GET /api/v1/notification-preferences HTTP/1.1" 200 OK
INFO:     ::1:62541 - "GET /api/v1/notification-preferences HTTP/1.1" 200 OK
INFO:     ::1:63349 - "GET /api/v1/zoho/status HTTP/1.1" 200 OK
INFO:     ::1:63349 - "GET /api/v1/zoho/status HTTP/1.1" 200 OK
INFO:     ::1:62541 - "OPTIONS /api/v1/zoho/auth-url HTTP/1.1" 200 OK
INFO:     ::1:63349 - "GET /api/v1/zoho/auth-url HTTP/1.1" 200 OK
INFO:     ::1:64902 - "GET /api/v1/notifications/unread-count HTTP/1.1" 200 OK
INFO:     ::1:62086 - "GET /api/v1/notifications/unread-count HTTP/1.1" 200 OK
INFO:     ::1:63088 - "GET /api/v1/zoho/callback?state=Mr2Ntluu21dBw5zn4gbf40foMiv2&code=1000.40ea14d4d3985fcbfacda1f5d9a8af93.3ed6759475e553dc6396c65e5f4db648&location=us&accounts-server=https%3A%2F%2Faccounts.zoho.com HTTP/1.1" 302 Found
INFO:     ::1:60234 - "GET /api/v1/notifications?limit=50 HTTP/1.1" 200 OK
INFO:     ::1:61494 - "GET /api/v1/notifications/unread-count HTTP/1.1" 200 OK
INFO:     ::1:60448 - "GET /api/v1/zoho/status HTTP/1.1" 200 OK
INFO:     ::1:54171 - "OPTIONS /api/v1/goals?organization_id=6a365f87d999acf2907486c6&limit=20 HTTP/1.1" 200 OK
INFO:     ::1:52299 - "OPTIONS /api/v1/meetings/history?organization_id=6a365f87d999acf2907486c6 HTTP/1.1" 200 OK
INFO:     ::1:49829 - "GET /api/v1/employees/tasks?org_id=6a365f87d999acf2907486c6&email=prince@value-score.co.in HTTP/1.1" 500 Internal Server Error
INFO:     ::1:53043 - "OPTIONS /api/v1/meetings/history?organization_id=6a365f87d999acf2907486c6 HTTP/1.1" 200 OK
INFO:     ::1:49156 - "GET /api/v1/goals?organization_id=6a365f87d999acf2907486c6&limit=20 HTTP/1.1" 200 OK
INFO:     ::1:52299 - "GET /api/v1/employees/tasks?org_id=6a365f87d999acf2907486c6&email=prince@value-score.co.in HTTP/1.1" 500 Internal Server Error
INFO:     ::1:53583 - "GET /api/v1/meetings/history?organization_id=6a365f87d999acf2907486c6 HTTP/1.1" 200 OK
INFO:     ::1:53043 - "GET /api/v1/goals?organization_id=6a365f87d999acf2907486c6&limit=20 HTTP/1.1" 200 OK
INFO:     ::1:54042 - "GET /api/v1/meetings/history?organization_id=6a365f87d999acf2907486c6 HTTP/1.1" 200 OK
INFO:     ::1:54042 - "GET /api/v1/zoho/status HTTP/1.1" 200 OK
INFO:     ::1:54042 - "GET /api/v1/zoho/status HTTP/1.1" 200 OK
INFO:     ::1:53043 - "OPTIONS /api/v1/zoho/calendar/users/search?q=%40 HTTP/1.1" 200 OK
INFO:     ::1:54042 - "GET /api/v1/zoho/calendar/users/search?q=%40 HTTP/1.1" 200 OK
INFO:     ::1:54171 - "GET /api/v1/dashboard/kpi?organization_id=6a365f87d999acf2907486c6 HTTP/1.1" 200 OK
INFO:     ::1:54171 - "GET /api/v1/dashboard/kpi?organization_id=6a365f87d999acf2907486c6 HTTP/1.1" 200 OK
INFO:     ::1:54171 - "GET /api/v1/notifications/unread-count HTTP/1.1" 200 OK
INFO:     ::1:55713 - "OPTIONS /api/v1/zoho/calendar/freebusy?emails=krisha%40value-score.co.in&date=2026-06-22&from_time=12:30&to_time=13:30 HTTP/1.1" 200 OK
INFO:     ::1:50995 - "GET /api/v1/zoho/calendar/freebusy?emails=krisha%40value-score.co.in&date=2026-06-22&from_time=12:30&to_time=13:30 HTTP/1.1" 200 OK
INFO:     ::1:57202 - "OPTIONS /api/v1/zoho/calendar/book HTTP/1.1" 200 OK
INFO:     ::1:49916 - "POST /api/v1/zoho/calendar/book HTTP/1.1" 200 OK
INFO:     ::1:49717 - "GET /api/v1/notifications/unread-count HTTP/1.1" 200 OK
INFO:     ::1:60504 - "GET /api/v1/notifications/unread-count HTTP/1.1" 200 OK
INFO:     ::1:63894 - "GET /api/v1/notifications/unread-count HTTP/1.1" 200 OK
INFO:     ::1:60739 - "GET /api/v1/zoho/calendar/events?limit=20 HTTP/1.1" 401 Unauthorized
INFO:     ::1:56044 - "GET /api/v1/notifications/unread-count HTTP/1.1" 200 OK
INFO:     ::1:61203 - "GET /api/v1/notifications/unread-count HTTP/1.1" 200 OK
INFO:     ::1:51938 - "GET /api/v1/notifications/unread-count HTTP/1.1" 200 OK
INFO:     ::1:53234 - "GET /api/v1/notifications/unread-count HTTP/1.1" 200 OK
INFO:     ::1:60866 - "OPTIONS /api/v1/notifications/unread-count HTTP/1.1" 200 OK
INFO:     ::1:60866 - "GET /api/v1/notifications/unread-count HTTP/1.1" 200 OK
INFO:     ::1:61728 - "GET /api/v1/notifications/unread-count HTTP/1.1" 200 OK
INFO:     ::1:51506 - "GET /api/v1/notifications/unread-count HTTP/1.1" 200 OK
INFO:     ::1:60514 - "GET /api/v1/notifications/unread-count HTTP/1.1" 200 OK
INFO:     ::1:56519 - "GET /api/v1/notifications/unread-count HTTP/1.1" 200 OK
INFO:     ::1:61523 - "GET /api/v1/notifications/unread-count HTTP/1.1" 200 OK
INFO:     ::1:55519 - "GET /api/v1/notifications/unread-count HTTP/1.1" 200 OK
INFO:     ::1:62042 - "GET /api/v1/notifications/unread-count HTTP/1.1" 200 OK
INFO:     ::1:64258 - "GET /api/v1/notifications/unread-count HTTP/1.1" 200 OK
INFO:     ::1:60990 - "GET /api/v1/notifications/unread-count HTTP/1.1" 200 OK
INFO:     ::1:57834 - "GET /api/v1/notifications/unread-count HTTP/1.1" 200 OK
INFO:     ::1:49673 - "GET /api/v1/notifications/unread-count HTTP/1.1" 200 OK
INFO:     ::1:54821 - "GET /api/v1/notifications/unread-count HTTP/1.1" 200 OK
INFO:     ::1:56723 - "GET /api/v1/notifications/unread-count HTTP/1.1" 200 OK
INFO:     ::1:52490 - "GET /api/v1/notifications/unread-count HTTP/1.1" 200 OK
INFO:     ::1:57943 - "GET /api/v1/notifications/unread-count HTTP/1.1" 200 OK
INFO:     ::1:64043 - "GET /api/v1/assistant/sessions?organization_id=6a365f87d999acf2907486c6 HTTP/1.1" 200 OK
INFO:     ::1:51664 - "OPTIONS /api/v1/goals?organization_id=6a365f87d999acf2907486c6&limit=20 HTTP/1.1" 200 OK
INFO:     ::1:56739 - "OPTIONS /api/v1/tasks?organization_id=6a365f87d999acf2907486c6 HTTP/1.1" 200 OK
INFO:     ::1:64980 - "GET /api/v1/org-chart/members?organization_id=6a365f87d999acf2907486c6 HTTP/1.1" 200 OK
INFO:     ::1:64043 - "GET /api/v1/goals?organization_id=6a365f87d999acf2907486c6&limit=20 HTTP/1.1" 200 OK
INFO:     ::1:56739 - "GET /api/v1/tasks?organization_id=6a365f87d999acf2907486c6 HTTP/1.1" 200 OK
INFO:     ::1:59755 - "GET /api/v1/notifications/unread-count HTTP/1.1" 200 OK
INFO:     ::1:58192 - "GET /api/v1/notifications/unread-count HTTP/1.1" 200 OK
INFO:     ::1:64213 - "GET /api/v1/notifications/unread-count HTTP/1.1" 200 OK
INFO:     ::1:58862 - "GET /api/v1/notifications/unread-count HTTP/1.1" 200 OK
INFO:     ::1:56363 - "GET /api/v1/notifications/unread-count HTTP/1.1" 200 OK
INFO:     ::1:57761 - "OPTIONS /api/v1/notifications/unread-count HTTP/1.1" 200 OK
INFO:     ::1:57761 - "GET /api/v1/notifications/unread-count HTTP/1.1" 200 OK
INFO:     ::1:54751 - "GET /api/v1/notifications/unread-count HTTP/1.1" 200 OK
INFO:     ::1:63283 - "GET /api/v1/notifications/unread-count HTTP/1.1" 200 OK
INFO:     ::1:57810 - "OPTIONS /api/v1/notifications?limit=20 HTTP/1.1" 200 OK
INFO:     ::1:57810 - "GET /api/v1/notifications?limit=20 HTTP/1.1" 200 OK
INFO:     ::1:53302 - "GET /api/v1/notifications/unread-count HTTP/1.1" 200 OK
INFO:     ::1:57527 - "GET /api/v1/notifications/unread-count HTTP/1.1" 200 OK
INFO:     ::1:61145 - "GET /api/v1/notifications/unread-count HTTP/1.1" 200 OK
INFO:     ::1:52077 - "GET /api/v1/notifications?limit=20 HTTP/1.1" 200 OK
INFO:     ::1:63872 - "GET /api/v1/notifications/unread-count HTTP/1.1" 200 OK
INFO:     ::1:57542 - "GET /api/v1/meetings/titles?q=Y&organization_id=6a365f87d999acf2907486c6 HTTP/1.1" 200 OK
INFO:     ::1:57542 - "GET /api/v1/meetings/titles?q=Ye&organization_id=6a365f87d999acf2907486c6 HTTP/1.1" 200 OK
INFO:     ::1:57542 - "GET /api/v1/meetings/titles?q=Yes&organization_id=6a365f87d999acf2907486c6 HTTP/1.1" 200 OK
INFO:     ::1:57542 - "GET /api/v1/meetings/titles?q=YesB&organization_id=6a365f87d999acf2907486c6 HTTP/1.1" 200 OK
INFO:     ::1:57542 - "GET /api/v1/meetings/titles?q=YesBo&organization_id=6a365f87d999acf2907486c6 HTTP/1.1" 200 OK
INFO:     ::1:57542 - "GET /api/v1/meetings/titles?q=YesBoss&organization_id=6a365f87d999acf2907486c6 HTTP/1.1" 200 OK
INFO:     ::1:57542 - "GET /api/v1/meetings/titles?q=Yes%20Boss&organization_id=6a365f87d999acf2907486c6 HTTP/1.1" 200 OK
INFO:     ::1:64186 - "GET /api/v1/notifications/unread-count HTTP/1.1" 200 OK
INFO:     ::1:57786 - "POST /api/v1/meetings/process HTTP/1.1" 200 OK
INFO:     ::1:57786 - "OPTIONS /api/v1/meetings/history?organization_id=6a365f87d999acf2907486c6 HTTP/1.1" 200 OK
INFO:     ::1:52665 - "GET /api/v1/meetings/history?organization_id=6a365f87d999acf2907486c6 HTTP/1.1" 200 OK
INFO:     ::1:49670 - "GET /api/v1/notifications/unread-count HTTP/1.1" 200 OK
INFO:     ::1:65402 - "GET /api/v1/notifications/unread-count HTTP/1.1" 200 OK
INFO:     ::1:55961 - "GET /api/v1/notifications/unread-count HTTP/1.1" 200 OK
INFO:     ::1:58387 - "GET /api/v1/notifications/unread-count HTTP/1.1" 200 OK
INFO:     ::1:63194 - "GET /api/v1/notifications/unread-count HTTP/1.1" 200 OK
INFO:     ::1:59379 - "GET /api/v1/notifications/unread-count HTTP/1.1" 200 OK
INFO:     ::1:53331 - "GET /api/v1/notifications/unread-count HTTP/1.1" 200 OK
INFO:     ::1:55562 - "GET /api/v1/notifications/unread-count HTTP/1.1" 200 OK
INFO:     ::1:51019 - "GET /api/v1/notifications/unread-count HTTP/1.1" 200 OK
INFO:     ::1:56314 - "GET /api/v1/notifications/unread-count HTTP/1.1" 200 OK
INFO:     ::1:53809 - "GET /api/v1/notifications/unread-count HTTP/1.1" 200 OK
INFO:     ::1:64925 - "GET /api/v1/notifications/unread-count HTTP/1.1" 200 OK
INFO:     ::1:49984 - "OPTIONS /api/v1/notifications/unread-count HTTP/1.1" 200 OK
INFO:     ::1:49984 - "GET /api/v1/notifications/unread-count HTTP/1.1" 200 OK
INFO:     ::1:58644 - "GET /api/v1/notifications/unread-count HTTP/1.1" 200 OK
INFO:     ::1:56371 - "GET /api/v1/notifications/unread-count HTTP/1.1" 200 OK
INFO:     ::1:58877 - "GET /api/v1/notifications/unread-count HTTP/1.1" 200 OK
INFO:     ::1:61788 - "GET /api/v1/notifications/unread-count HTTP/1.1" 200 OK
INFO:     ::1:55132 - "GET /api/v1/notifications/unread-count HTTP/1.1" 200 OK
INFO:     ::1:56312 - "GET /api/v1/notifications/unread-count HTTP/1.1" 200 OK
INFO:     ::1:56312 - "OPTIONS /api/v1/meetings/6a38dd73dc25ba2f7fe58d5f HTTP/1.1" 200 OK
INFO:     ::1:61904 - "DELETE /api/v1/meetings/6a38dd73dc25ba2f7fe58d5f HTTP/1.1" 404 Not Found
INFO:     ::1:61904 - "DELETE /api/v1/meetings/6a38dd73dc25ba2f7fe58d5f HTTP/1.1" 404 Not Found
INFO:     ::1:61904 - "DELETE /api/v1/meetings/6a38dd73dc25ba2f7fe58d5f HTTP/1.1" 404 Not Found
INFO:     ::1:61904 - "DELETE /api/v1/meetings/6a38dd73dc25ba2f7fe58d5f HTTP/1.1" 404 Not Found
INFO:     ::1:61904 - "DELETE /api/v1/meetings/6a38dd73dc25ba2f7fe58d5f HTTP/1.1" 404 Not Found
INFO:     ::1:61904 - "DELETE /api/v1/meetings/6a38dd73dc25ba2f7fe58d5f HTTP/1.1" 404 Not Found
INFO:     ::1:55777 - "OPTIONS /api/v1/notifications?limit=50 HTTP/1.1" 200 OK
INFO:     ::1:56993 - "GET /api/v1/notifications/unread-count HTTP/1.1" 200 OK
INFO:     ::1:55777 - "GET /api/v1/notifications?limit=50 HTTP/1.1" 200 OK
INFO:     ::1:57213 - "OPTIONS /api/v1/goals?organization_id=6a365f87d999acf2907486c6&limit=20 HTTP/1.1" 200 OK
INFO:     ::1:50128 - "GET /api/v1/push/vapid-public-key HTTP/1.1" 200 OK
INFO:     ::1:56993 - "GET /api/v1/notifications?limit=50 HTTP/1.1" 200 OK
INFO:     ::1:59287 - "GET /api/v1/notifications/unread-count HTTP/1.1" 200 OK
INFO:     ::1:55777 - "GET /api/v1/goals?organization_id=6a365f87d999acf2907486c6&limit=20 HTTP/1.1" 200 OK
INFO:     ::1:57213 - "GET /api/v1/push/vapid-public-key HTTP/1.1" 200 OK
INFO:     ::1:57213 - "GET /api/v1/employees/tasks?org_id=6a365f87d999acf2907486c6&email=prince@value-score.co.in HTTP/1.1" 500 Internal Server Error
INFO:     ::1:52418 - "GET /api/v1/meetings/history?organization_id=6a365f87d999acf2907486c6 HTTP/1.1" 200 OK
INFO:     ::1:55777 - "GET /api/v1/notifications?limit=50 HTTP/1.1" 200 OK
INFO:     ::1:59287 - "GET /api/v1/notifications/unread-count HTTP/1.1" 200 OK
INFO:     ::1:56993 - "GET /api/v1/push/vapid-public-key HTTP/1.1" 200 OK
INFO:     ::1:56993 - "OPTIONS /api/v1/push/subscribe HTTP/1.1" 200 OK
INFO:     ::1:59287 - "POST /api/v1/push/subscribe HTTP/1.1" 200 OK
INFO:     ::1:59287 - "POST /api/v1/push/subscribe HTTP/1.1" 200 OK
INFO:     ::1:59287 - "POST /api/v1/push/subscribe HTTP/1.1" 200 OK
INFO:     ::1:52418 - "DELETE /api/v1/meetings/6a38dd73dc25ba2f7fe58d5f HTTP/1.1" 404 Not Found
INFO:     ::1:52418 - "DELETE /api/v1/meetings/6a38dd73dc25ba2f7fe58d5f HTTP/1.1" 404 Not Found
INFO:     ::1:61373 - "GET /api/v1/dashboard/kpi?organization_id=6a365f87d999acf2907486c6 HTTP/1.1" 200 OK
INFO:     ::1:55547 - "GET /api/v1/notifications/unread-count HTTP/1.1" 200 OK
INFO:     ::1:60458 - "DELETE /api/v1/meetings/6a38dd73dc25ba2f7fe58d5f HTTP/1.1" 404 Not Found
INFO:     ::1:56805 - "GET /api/v1/notifications/unread-count HTTP/1.1" 200 OK
INFO:     ::1:64433 - "GET /api/v1/notifications/unread-count HTTP/1.1" 200 OK
INFO:     ::1:53235 - "GET /api/v1/notifications/unread-count HTTP/1.1" 200 OK
INFO:     ::1:64655 - "GET /api/v1/notifications/unread-count HTTP/1.1" 200 OK
INFO:     ::1:55101 - "GET /api/v1/notifications/unread-count HTTP/1.1" 200 OK
INFO:     ::1:55945 - "GET /api/v1/notifications/unread-count HTTP/1.1" 200 OK
INFO:     ::1:58098 - "GET /api/v1/notifications/unread-count HTTP/1.1" 200 OK
INFO:     ::1:58430 - "GET /api/v1/notifications/unread-count HTTP/1.1" 200 OK
INFO:     ::1:65401 - "GET /api/v1/notifications/unread-count HTTP/1.1" 200 OK
INFO:     ::1:53799 - "GET /api/v1/notifications/unread-count HTTP/1.1" 200 OK
INFO:     ::1:63278 - "GET /api/v1/notifications/unread-count HTTP/1.1" 200 OK
INFO:     ::1:49332 - "GET /api/v1/notifications/unread-count HTTP/1.1" 200 OK
INFO:     ::1:55399 - "OPTIONS /api/v1/notifications/unread-count HTTP/1.1" 200 OK
INFO:     ::1:55399 - "GET /api/v1/notifications/unread-count HTTP/1.1" 200 OK
INFO:     ::1:58961 - "GET /api/v1/notifications/unread-count HTTP/1.1" 200 OK
INFO:     ::1:60023 - "GET /api/v1/notifications/unread-count HTTP/1.1" 200 OK
INFO:     ::1:63418 - "GET /api/v1/notifications/unread-count HTTP/1.1" 200 OK
INFO:     ::1:51072 - "GET /api/v1/notifications/unread-count HTTP/1.1" 200 OK
INFO:     ::1:61501 - "GET /api/v1/notifications/unread-count HTTP/1.1" 200 OK
INFO:     ::1:52019 - "GET /api/v1/notifications/unread-count HTTP/1.1" 200 OK
INFO:     ::1:63399 - "GET /api/v1/notifications/unread-count HTTP/1.1" 200 OK
INFO:     ::1:52545 - "GET /api/v1/notifications/unread-count HTTP/1.1" 200 OK
INFO:     ::1:54838 - "GET /api/v1/notifications/unread-count HTTP/1.1" 200 OK
INFO:     ::1:65483 - "OPTIONS /api/v1/meetings/6a38dd73dc25ba2f7fe58d5f?organization_id=6a365f87d999acf2907486c6 HTTP/1.1" 200 OK
INFO:     ::1:58660 - "DELETE /api/v1/meetings/6a38dd73dc25ba2f7fe58d5f?organization_id=6a365f87d999acf2907486c6 HTTP/1.1" 404 Not Found
INFO:     ::1:58660 - "DELETE /api/v1/meetings/6a38dd73dc25ba2f7fe58d5f?organization_id=6a365f87d999acf2907486c6 HTTP/1.1" 404 Not Found
INFO:     ::1:58660 - "DELETE /api/v1/meetings/6a38dd73dc25ba2f7fe58d5f?organization_id=6a365f87d999acf2907486c6 HTTP/1.1" 404 Not Found
INFO:     ::1:58660 - "DELETE /api/v1/meetings/6a38dd73dc25ba2f7fe58d5f?organization_id=6a365f87d999acf2907486c6 HTTP/1.1" 404 Not Found
INFO:     ::1:58660 - "DELETE /api/v1/meetings/6a38dd73dc25ba2f7fe58d5f?organization_id=6a365f87d999acf2907486c6 HTTP/1.1" 404 Not Found
INFO:     ::1:58660 - "DELETE /api/v1/meetings/6a38dd73dc25ba2f7fe58d5f?organization_id=6a365f87d999acf2907486c6 HTTP/1.1" 404 Not Found
INFO:     ::1:49855 - "GET /api/v1/notifications/unread-count HTTP/1.1" 200 OK
INFO:     ::1:61641 - "OPTIONS /api/v1/notifications?limit=50 HTTP/1.1" 200 OK
INFO:     ::1:58779 - "GET /api/v1/notifications/unread-count HTTP/1.1" 200 OK
INFO:     ::1:61595 - "OPTIONS /api/v1/goals?organization_id=6a365f87d999acf2907486c6&limit=20 HTTP/1.1" 200 OK
INFO:     ::1:61641 - "GET /api/v1/notifications?limit=50 HTTP/1.1" 200 OK
INFO:     ::1:51217 - "GET /api/v1/push/vapid-public-key HTTP/1.1" 200 OK
INFO:     ::1:64153 - "GET /api/v1/notifications/unread-count HTTP/1.1" 200 OK
INFO:     ::1:58779 - "GET /api/v1/goals?organization_id=6a365f87d999acf2907486c6&limit=20 HTTP/1.1" 200 OK
INFO:     ::1:61641 - "OPTIONS /api/v1/meetings/history?organization_id=6a365f87d999acf2907486c6 HTTP/1.1" 200 OK
INFO:     ::1:61595 - "GET /api/v1/employees/tasks?org_id=6a365f87d999acf2907486c6&email=prince@value-score.co.in HTTP/1.1" 500 Internal Server Error
INFO:     ::1:51217 - "GET /api/v1/notifications?limit=50 HTTP/1.1" 200 OK
INFO:     ::1:64153 - "GET /api/v1/push/vapid-public-key HTTP/1.1" 200 OK
INFO:     ::1:61641 - "GET /api/v1/notifications/unread-count HTTP/1.1" 200 OK
INFO:     ::1:50990 - "GET /api/v1/meetings/history?organization_id=6a365f87d999acf2907486c6 HTTP/1.1" 200 OK
INFO:     ::1:58779 - "GET /api/v1/notifications?limit=50 HTTP/1.1" 200 OK
INFO:     ::1:51217 - "GET /api/v1/push/vapid-public-key HTTP/1.1" 200 OK
INFO:     ::1:51217 - "OPTIONS /api/v1/push/subscribe HTTP/1.1" 200 OK
INFO:     ::1:58779 - "POST /api/v1/push/subscribe HTTP/1.1" 200 OK
INFO:     ::1:58779 - "POST /api/v1/push/subscribe HTTP/1.1" 200 OK
INFO:     ::1:58779 - "POST /api/v1/push/subscribe HTTP/1.1" 200 OK
INFO:     ::1:60365 - "GET /api/v1/dashboard/kpi?organization_id=6a365f87d999acf2907486c6 HTTP/1.1" 200 OK
INFO:     ::1:58357 - "GET /api/v1/notifications/unread-count HTTP/1.1" 200 OK
INFO:     ::1:53265 - "GET /api/v1/notifications/unread-count HTTP/1.1" 200 OK
INFO:     ::1:59562 - "GET /api/v1/notifications/unread-count HTTP/1.1" 200 OK
INFO:     ::1:54329 - "GET /api/v1/notifications/unread-count HTTP/1.1" 200 OK
INFO:     ::1:49222 - "GET /api/v1/notifications/unread-count HTTP/1.1" 200 OK
INFO:     ::1:52838 - "GET /api/v1/notifications/unread-count HTTP/1.1" 200 OK
INFO:     ::1:59343 - "GET /api/v1/notifications/unread-count HTTP/1.1" 200 OK
INFO:     ::1:57657 - "GET /api/v1/notifications/unread-count HTTP/1.1" 200 OK
INFO:     ::1:50218 - "GET /api/v1/notifications/unread-count HTTP/1.1" 200 OK
INFO:     ::1:50218 - "OPTIONS /api/v1/zoho/status HTTP/1.1" 200 OK
INFO:     ::1:62557 - "OPTIONS /api/v1/zoho/status HTTP/1.1" 200 OK
INFO:     ::1:64920 - "GET /api/v1/zoho/status HTTP/1.1" 200 OK
INFO:     ::1:64920 - "GET /api/v1/zoho/status HTTP/1.1" 200 OK
INFO:     ::1:49903 - "OPTIONS /api/v1/notifications/unread-count HTTP/1.1" 200 OK
INFO:     ::1:49903 - "GET /api/v1/notifications/unread-count HTTP/1.1" 200 OK
INFO:     ::1:56815 - "GET /api/v1/notifications/unread-count HTTP/1.1" 200 OK
INFO:     ::1:51963 - "GET /api/v1/notifications/unread-count HTTP/1.1" 200 OK
INFO:     ::1:50914 - "GET /api/v1/notifications/unread-count HTTP/1.1" 200 OK
INFO:     ::1:51058 - "GET /api/v1/notifications/unread-count HTTP/1.1" 200 OK
INFO:     ::1:52732 - "GET /api/v1/notifications/unread-count HTTP/1.1" 200 OK
INFO:     ::1:59158 - "GET /api/v1/notifications/unread-count HTTP/1.1" 200 OK
INFO:     ::1:59239 - "DELETE /api/v1/meetings/6a38dd73dc25ba2f7fe58d5f?organization_id=6a365f87d999acf2907486c6 HTTP/1.1" 404 Not Found
INFO:     ::1:59041 - "GET /api/v1/notifications/unread-count HTTP/1.1" 200 OK
INFO:     ::1:54167 - "GET /api/v1/notifications/unread-count HTTP/1.1" 200 OK
INFO:     ::1:50389 - "GET /api/v1/notifications/unread-count HTTP/1.1" 200 OK
INFO:     ::1:60104 - "GET /api/v1/notifications/unread-count HTTP/1.1" 200 OK
INFO:     ::1:64023 - "GET /api/v1/notifications/unread-count HTTP/1.1" 200 OK
INFO:     ::1:51117 - "OPTIONS /api/v1/notifications?limit=50 HTTP/1.1" 200 OK
INFO:     ::1:61393 - "GET /api/v1/notifications/unread-count HTTP/1.1" 200 OK
INFO:     ::1:56485 - "OPTIONS /api/v1/goals?organization_id=6a365f87d999acf2907486c6&limit=20 HTTP/1.1" 200 OK
INFO:     ::1:51117 - "GET /api/v1/notifications?limit=50 HTTP/1.1" 200 OK
INFO:     ::1:54019 - "GET /api/v1/push/vapid-public-key HTTP/1.1" 200 OK
INFO:     ::1:52956 - "GET /api/v1/notifications/unread-count HTTP/1.1" 200 OK
INFO:     ::1:61393 - "GET /api/v1/goals?organization_id=6a365f87d999acf2907486c6&limit=20 HTTP/1.1" 200 OK
INFO:     ::1:51117 - "OPTIONS /api/v1/meetings/history?organization_id=6a365f87d999acf2907486c6 HTTP/1.1" 200 OK
INFO:     ::1:56485 - "GET /api/v1/employees/tasks?org_id=6a365f87d999acf2907486c6&email=prince@value-score.co.in HTTP/1.1" 500 Internal Server Error
INFO:     ::1:54019 - "GET /api/v1/notifications?limit=50 HTTP/1.1" 200 OK
INFO:     ::1:52956 - "GET /api/v1/push/vapid-public-key HTTP/1.1" 200 OK
INFO:     ::1:51117 - "GET /api/v1/notifications/unread-count HTTP/1.1" 200 OK
INFO:     ::1:60408 - "GET /api/v1/meetings/history?organization_id=6a365f87d999acf2907486c6 HTTP/1.1" 200 OK
INFO:     ::1:61393 - "GET /api/v1/notifications?limit=50 HTTP/1.1" 200 OK
INFO:     ::1:54019 - "GET /api/v1/push/vapid-public-key HTTP/1.1" 200 OK
INFO:     ::1:54019 - "OPTIONS /api/v1/push/subscribe HTTP/1.1" 200 OK
INFO:     ::1:61393 - "POST /api/v1/push/subscribe HTTP/1.1" 200 OK
INFO:     ::1:61393 - "OPTIONS /api/v1/meetings/6a38dd73dc25ba2f7fe58d5f?organization_id=6a365f87d999acf2907486c6 HTTP/1.1" 200 OK
INFO:     ::1:60408 - "DELETE /api/v1/meetings/6a38dd73dc25ba2f7fe58d5f?organization_id=6a365f87d999acf2907486c6 HTTP/1.1" 404 Not Found
INFO:     ::1:61393 - "POST /api/v1/push/subscribe HTTP/1.1" 200 OK
INFO:     ::1:61393 - "POST /api/v1/push/subscribe HTTP/1.1" 200 OK
INFO:     ::1:50119 - "GET /api/v1/dashboard/kpi?organization_id=6a365f87d999acf2907486c6 HTTP/1.1" 200 OK
INFO:     ::1:57878 - "GET /api/v1/notifications/unread-count HTTP/1.1" 200 OK
INFO:     ::1:60144 - "GET /api/v1/notifications/unread-count HTTP/1.1" 200 OK
INFO:     ::1:60145 - "DELETE /api/v1/meetings/test123?organization_id=test456 HTTP/1.1" 404 Not Found
INFO:     ::1:51303 - "GET /api/v1/notifications/unread-count HTTP/1.1" 200 OK
INFO:     ::1:57742 - "GET /api/v1/notifications/unread-count HTTP/1.1" 200 OK
INFO:     ::1:59184 - "GET /api/v1/notifications/unread-count HTTP/1.1" 200 OK
INFO:     ::1:57634 - "GET /api/v1/notifications/unread-count HTTP/1.1" 200 OK
INFO:     ::1:53100 - "GET /api/v1/notifications/unread-count HTTP/1.1" 200 OK
INFO:     ::1:50608 - "GET /api/v1/notifications/unread-count HTTP/1.1" 200 OK
INFO:     ::1:58141 - "OPTIONS /api/v1/notifications/unread-count HTTP/1.1" 200 OK
INFO:     ::1:58141 - "GET /api/v1/notifications/unread-count HTTP/1.1" 200 OK
INFO:     ::1:62719 - "GET /api/v1/notifications/unread-count HTTP/1.1" 200 OK
INFO:     ::1:49785 - "GET /api/v1/notifications/unread-count HTTP/1.1" 200 OK
INFO:     ::1:60060 - "OPTIONS /api/v1/notifications/unread-count HTTP/1.1" 200 OK
INFO:     ::1:50898 - "GET /api/v1/notifications/unread-count HTTP/1.1" 200 OK
INFO:     ::1:50898 - "OPTIONS /api/v1/notifications?limit=50 HTTP/1.1" 200 OK
INFO:     ::1:50898 - "GET /api/v1/notifications/unread-count HTTP/1.1" 200 OK
INFO:     ::1:65145 - "OPTIONS /api/v1/goals?organization_id=6a365f87d999acf2907486c6&limit=20 HTTP/1.1" 200 OK
INFO:     ::1:63181 - "GET /api/v1/notifications?limit=50 HTTP/1.1" 200 OK
INFO:     ::1:58274 - "GET /api/v1/push/vapid-public-key HTTP/1.1" 200 OK
INFO:     ::1:65145 - "OPTIONS /api/v1/meetings/history?organization_id=6a365f87d999acf2907486c6 HTTP/1.1" 200 OK
INFO:     ::1:57002 - "GET /api/v1/notifications/unread-count HTTP/1.1" 200 OK
INFO:     ::1:50898 - "GET /api/v1/goals?organization_id=6a365f87d999acf2907486c6&limit=20 HTTP/1.1" 200 OK
INFO:     ::1:63181 - "GET /api/v1/employees/tasks?org_id=6a365f87d999acf2907486c6&email=prince@value-score.co.in HTTP/1.1" 500 Internal Server Error
INFO:     ::1:65145 - "GET /api/v1/notifications?limit=50 HTTP/1.1" 200 OK
INFO:     ::1:58274 - "GET /api/v1/push/vapid-public-key HTTP/1.1" 200 OK
INFO:     ::1:55497 - "GET /api/v1/meetings/history?organization_id=6a365f87d999acf2907486c6 HTTP/1.1" 200 OK
INFO:     ::1:57002 - "GET /api/v1/notifications/unread-count HTTP/1.1" 200 OK
INFO:     ::1:50898 - "GET /api/v1/notifications?limit=50 HTTP/1.1" 200 OK
INFO:     ::1:58274 - "GET /api/v1/push/vapid-public-key HTTP/1.1" 200 OK
INFO:     ::1:58274 - "OPTIONS /api/v1/push/subscribe HTTP/1.1" 200 OK
INFO:     ::1:50898 - "POST /api/v1/push/subscribe HTTP/1.1" 200 OK
INFO:     ::1:50898 - "POST /api/v1/push/subscribe HTTP/1.1" 200 OK
INFO:     ::1:58274 - "POST /api/v1/push/subscribe HTTP/1.1" 200 OK
INFO:     ::1:57959 - "GET /api/v1/dashboard/kpi?organization_id=6a365f87d999acf2907486c6 HTTP/1.1" 200 OK
INFO:     ::1:57934 - "GET /api/v1/notifications/unread-count HTTP/1.1" 200 OK
INFO:     ::1:63615 - "OPTIONS /api/v1/meetings/6a38dd73dc25ba2f7fe58d5f?organization_id=6a365f87d999acf2907486c6 HTTP/1.1" 200 OK
INFO:     ::1:64248 - "DELETE /api/v1/meetings/6a38dd73dc25ba2f7fe58d5f?organization_id=6a365f87d999acf2907486c6 HTTP/1.1" 404 Not Found
INFO:     ::1:63615 - "GET /api/v1/notifications/unread-count HTTP/1.1" 200 OK
INFO:     ::1:59314 - "GET /api/v1/notifications/unread-count HTTP/1.1" 200 OK
INFO:     ::1:64353 - "GET /openapi.json HTTP/1.1" 404 Not Found
INFO:     ::1:64989 - "GET /openapi.json HTTP/1.1" 404 Not Found
INFO:     ::1:49671 - "GET /api/v1/notifications/unread-count HTTP/1.1" 200 OK
INFO:     ::1:49672 - "GET /api/v1/meetings/titles?q= HTTP/1.1" 400 Bad Request
INFO:     ::1:49315 - "DELETE /api/v1/meetings/history?organization_id=test HTTP/1.1" 405 Method Not Allowed
INFO:     ::1:57655 - "DELETE /api/v1/meetings/someid?organization_id=test HTTP/1.1" 404 Not Found
